C:\USERS\LENOVO\DOCUMENTS\VISUAL STUDIO 2012\PROJECTS\CALCULATOR\CALCULATOR\DEBUG\CALCULATOR.PCH
C:\USERS\LENOVO\DOCUMENTS\VISUAL STUDIO 2012\PROJECTS\CALCULATOR\CALCULATOR\DEBUG\STDAFX.OBJ
C:\USERS\LENOVO\DOCUMENTS\VISUAL STUDIO 2012\PROJECTS\CALCULATOR\CALCULATOR\DEBUG\VC110.PDB
C:\USERS\LENOVO\DOCUMENTS\VISUAL STUDIO 2012\PROJECTS\CALCULATOR\CALCULATOR\DEBUG\CALCULATOR.OBJ
C:\USERS\LENOVO\DOCUMENTS\VISUAL STUDIO 2012\PROJECTS\CALCULATOR\CALCULATOR\DEBUG\CALCULATORDLG.OBJ
C:\USERS\LENOVO\DOCUMENTS\VISUAL STUDIO 2012\PROJECTS\CALCULATOR\DEBUG\CALCULATOR.ILK
C:\USERS\LENOVO\DOCUMENTS\VISUAL STUDIO 2012\PROJECTS\CALCULATOR\DEBUG\CALCULATOR.EXE
C:\USERS\LENOVO\DOCUMENTS\VISUAL STUDIO 2012\PROJECTS\CALCULATOR\DEBUG\CALCULATOR.PDB
C:\USERS\LENOVO\DOCUMENTS\VISUAL STUDIO 2012\PROJECTS\CALCULATOR\CALCULATOR\DEBUG\CALCULATOR.RES
E:\github\SC\拓思爱诺实习\calculator\calculator\Debug\calculator.obj
E:\github\SC\拓思爱诺实习\calculator\calculator\Debug\calculatorDlg.obj
E:\github\SC\拓思爱诺实习\calculator\calculator\Debug\stdafx.obj
E:\github\SC\拓思爱诺实习\calculator\calculator\Debug\cl.command.1.tlog
E:\github\SC\拓思爱诺实习\calculator\calculator\Debug\CL.read.1.tlog
E:\github\SC\拓思爱诺实习\calculator\calculator\Debug\CL.write.1.tlog
E:\github\SC\拓思爱诺实习\calculator\calculator\Debug\link-cvtres.read.1.tlog
E:\github\SC\拓思爱诺实习\calculator\calculator\Debug\link-cvtres.write.1.tlog
E:\github\SC\拓思爱诺实习\calculator\calculator\Debug\link-mt.read.1.tlog
E:\github\SC\拓思爱诺实习\calculator\calculator\Debug\link-mt.write.1.tlog
E:\github\SC\拓思爱诺实习\calculator\calculator\Debug\link-rc.read.1.tlog
E:\github\SC\拓思爱诺实习\calculator\calculator\Debug\link-rc.write.1.tlog
E:\github\SC\拓思爱诺实习\calculator\calculator\Debug\link.command.1.tlog
E:\github\SC\拓思爱诺实习\calculator\calculator\Debug\link.read.1.tlog
E:\github\SC\拓思爱诺实习\calculator\calculator\Debug\link.write.1.tlog
E:\github\SC\拓思爱诺实习\calculator\calculator\Debug\rc.command.1.tlog
E:\github\SC\拓思爱诺实习\calculator\calculator\Debug\rc.read.1.tlog
E:\github\SC\拓思爱诺实习\calculator\calculator\Debug\rc.write.1.tlog
E:\github\SC\拓思爱诺实习\calculator\calculator\Debug\calculator.res
E:\github\SC\拓思爱诺实习\calculator\calculator\Debug\calculator.pch
E:\github\SC\拓思爱诺实习\calculator\calculator\Debug\vc110.idb
E:\github\SC\拓思爱诺实习\calculator\calculator\Debug\vc110.pdb
E:\github\SC\拓思爱诺实习\calculator\Debug\calculator.pdb
E:\github\SC\拓思爱诺实习\calculator\Debug\calculator.exe
E:\github\SC\拓思爱诺实习\calculator\Debug\calculator.ilk
